<?xml version="1.0" encoding="UTF-8" ?>
<testsuite tests="3" failures="0" name="org.literpc.zookeeper.zkTest" time="0.424" errors="1" skipped="0">
  <properties>
    <property name="java.runtime.name" value="Java(TM) SE Runtime Environment"/>
    <property name="sun.boot.library.path" value="D:\Program Files\Java\jdk1.8.0_131\jre\bin"/>
    <property name="java.vm.version" value="25.131-b11"/>
    <property name="java.vm.vendor" value="Oracle Corporation"/>
    <property name="maven.multiModuleProjectDirectory" value="D:\Code\RpcFramework"/>
    <property name="java.vendor.url" value="http://java.oracle.com/"/>
    <property name="path.separator" value=";"/>
    <property name="guice.disable.misplaced.annotation.check" value="true"/>
    <property name="java.vm.name" value="Java HotSpot(TM) 64-Bit Server VM"/>
    <property name="file.encoding.pkg" value="sun.io"/>
    <property name="user.script" value=""/>
    <property name="user.country" value="CN"/>
    <property name="sun.java.launcher" value="SUN_STANDARD"/>
    <property name="sun.os.patch.level" value=""/>
    <property name="java.vm.specification.name" value="Java Virtual Machine Specification"/>
    <property name="user.dir" value="D:\Code\RpcFramework"/>
    <property name="java.runtime.version" value="1.8.0_131-b11"/>
    <property name="java.awt.graphicsenv" value="sun.awt.Win32GraphicsEnvironment"/>
    <property name="java.endorsed.dirs" value="D:\Program Files\Java\jdk1.8.0_131\jre\lib\endorsed"/>
    <property name="os.arch" value="amd64"/>
    <property name="java.io.tmpdir" value="C:\Users\SHELTE~1\AppData\Local\Temp\"/>
    <property name="line.separator" value="
"/>
    <property name="java.vm.specification.vendor" value="Oracle Corporation"/>
    <property name="user.variant" value=""/>
    <property name="os.name" value="Windows 10"/>
    <property name="maven.ext.class.path" value="D:\Program Files\JetBrains\IntelliJ IDEA 2019.2.4\plugins\maven\lib\maven-event-listener.jar"/>
    <property name="archetypeCatalog" value="local"/>
    <property name="classworlds.conf" value="D:\maven\apache-maven-3.6.3\bin\m2.conf"/>
    <property name="sun.jnu.encoding" value="GBK"/>
    <property name="java.library.path" value="D:\Program Files\Java\jdk1.8.0_131\bin;C:\WINDOWS\Sun\Java\bin;C:\WINDOWS\system32;C:\WINDOWS;D:\Program Files\Java\jdk1.8.0_131\bin;D:\Program Files (x86)\NetSarang\Xftp 6\;D:\Program Files (x86)\NetSarang\Xshell 6\;D:\app\sheltersodom\product\11.2.0\client_1\bin;D:\app\sheltersodom\product\11.2.0\dbhome_1\bin;C:\ProgramData\Oracle\Java\javapath;C:\Windows\system32;C:\Windows;C:\Windows\System32\Wbem;C:\Windows\System32\WindowsPowerShell\v1.0\;C:\Windows\System32\OpenSSH\;C:\Program Files (x86)\NVIDIA Corporation\PhysX\Common;C:\Program Files\NVIDIA Corporation\NVIDIA NGX;C:\Program Files\NVIDIA Corporation\NVIDIA NvDLISR;C:\Program Files\dotnet\;C:\Program Files\Microsoft SQL Server\130\Tools\Binn\;C:\Program Files\Microsoft SQL Server\Client SDK\ODBC\170\Tools\Binn\;D:\MATLAB\R2020a\runtime\win64;D:\MATLAB\R2020a\bin;D:\MATLAB\R2017a\runtime\win64;D:\MATLAB\R2017a\bin;D:\ProgramData\Microsoft\opencv\build\x64\vc14\bin;C:\WINDOWS\system32;C:\WINDOWS;C:\WINDOWS\System32\Wbem;C:\WINDOWS\System32\WindowsPowerShell\v1.0\;C:\WINDOWS\System32\OpenSSH\;C:\Program Files\MySQL\MySQL Server 5.7\bin;D:\maven\apache-maven-3.6.3\bin;D:\Program Files\Java\jdk1.8.0_131\bin;D:\python3\Scripts\;D:\python3\;C:\Users\sheltersodom\AppData\Local\Microsoft\WindowsApps;%CATALINA_HOME%\bin;D:\Program Files\Microsoft VS Code\bin;D:\Program Files\JetBrains\PyCharm 2020.3\bin;C:\Users\sheltersodom\AppData\Local\Microsoft\WindowsApps;C:\Users\sheltersodom\.dotnet\tools;."/>
    <property name="maven.conf" value="D:\maven\apache-maven-3.6.3/conf"/>
    <property name="java.specification.name" value="Java Platform API Specification"/>
    <property name="java.class.version" value="52.0"/>
    <property name="sun.management.compiler" value="HotSpot 64-Bit Tiered Compilers"/>
    <property name="os.version" value="10.0"/>
    <property name="user.home" value="C:\Users\sheltersodom"/>
    <property name="user.timezone" value="Asia/Shanghai"/>
    <property name="java.awt.printerjob" value="sun.awt.windows.WPrinterJob"/>
    <property name="java.specification.version" value="1.8"/>
    <property name="file.encoding" value="UTF-8"/>
    <property name="idea.version2019.2.4" value="true"/>
    <property name="user.name" value="sheltersodom"/>
    <property name="java.class.path" value="D:\maven\apache-maven-3.6.3\boot\plexus-classworlds-2.6.0.jar;D:\maven\apache-maven-3.6.3\boot\plexus-classworlds.license"/>
    <property name="java.vm.specification.version" value="1.8"/>
    <property name="sun.arch.data.model" value="64"/>
    <property name="java.home" value="D:\Program Files\Java\jdk1.8.0_131\jre"/>
    <property name="sun.java.command" value="org.codehaus.classworlds.Launcher -Didea.version2019.2.4 -s D:\maven\apache-maven-3.6.3\conf\settings.xml install --non-recursive"/>
    <property name="java.specification.vendor" value="Oracle Corporation"/>
    <property name="user.language" value="zh"/>
    <property name="awt.toolkit" value="sun.awt.windows.WToolkit"/>
    <property name="java.vm.info" value="mixed mode"/>
    <property name="java.version" value="1.8.0_131"/>
    <property name="java.ext.dirs" value="D:\Program Files\Java\jdk1.8.0_131\jre\lib\ext;C:\WINDOWS\Sun\Java\lib\ext"/>
    <property name="sun.boot.class.path" value="D:\Program Files\Java\jdk1.8.0_131\jre\lib\resources.jar;D:\Program Files\Java\jdk1.8.0_131\jre\lib\rt.jar;D:\Program Files\Java\jdk1.8.0_131\jre\lib\sunrsasign.jar;D:\Program Files\Java\jdk1.8.0_131\jre\lib\jsse.jar;D:\Program Files\Java\jdk1.8.0_131\jre\lib\jce.jar;D:\Program Files\Java\jdk1.8.0_131\jre\lib\charsets.jar;D:\Program Files\Java\jdk1.8.0_131\jre\lib\jfr.jar;D:\Program Files\Java\jdk1.8.0_131\jre\classes"/>
    <property name="java.vendor" value="Oracle Corporation"/>
    <property name="maven.home" value="D:\maven\apache-maven-3.6.3"/>
    <property name="file.separator" value="\"/>
    <property name="java.vendor.url.bug" value="http://bugreport.sun.com/bugreport/"/>
    <property name="sun.cpu.endian" value="little"/>
    <property name="sun.io.unicode.encoding" value="UnicodeLittle"/>
    <property name="sun.desktop" value="windows"/>
    <property name="sun.cpu.isalist" value="amd64"/>
  </properties>
  <testcase classname="org.literpc.zookeeper.zkTest" name="testGetChild" time="0.303"/>
  <testcase classname="org.literpc.zookeeper.zkTest" name="testWatcher" time="0.075"/>
  <testcase classname="org.literpc.zookeeper.zkTest" name="testPersistentNode" time="0.046">
    <error message="KeeperErrorCode = NoNode for /liteRpc" type="org.apache.zookeeper.KeeperException$NoNodeException">org.apache.zookeeper.KeeperException$NoNodeException: KeeperErrorCode = NoNode for /liteRpc
	at org.apache.zookeeper.KeeperException.create(KeeperException.java:111)
	at org.apache.zookeeper.KeeperException.create(KeeperException.java:51)
	at org.apache.zookeeper.ZooKeeper.delete(ZooKeeper.java:873)
	at org.apache.curator.framework.imps.DeleteBuilderImpl$5.call(DeleteBuilderImpl.java:239)
	at org.apache.curator.framework.imps.DeleteBuilderImpl$5.call(DeleteBuilderImpl.java:234)
	at org.apache.curator.RetryLoop.callWithRetry(RetryLoop.java:107)
	at org.apache.curator.framework.imps.DeleteBuilderImpl.pathInForeground(DeleteBuilderImpl.java:230)
	at org.apache.curator.framework.imps.DeleteBuilderImpl.forPath(DeleteBuilderImpl.java:215)
	at org.apache.curator.framework.imps.DeleteBuilderImpl.forPath(DeleteBuilderImpl.java:42)
	at org.literpc.zookeeper.zkTest.testDelete(zkTest.java:87)
	at sun.reflect.NativeMethodAccessorImpl.invoke0(Native Method)
	at sun.reflect.NativeMethodAccessorImpl.invoke(NativeMethodAccessorImpl.java:62)
	at sun.reflect.DelegatingMethodAccessorImpl.invoke(DelegatingMethodAccessorImpl.java:43)
	at java.lang.reflect.Method.invoke(Method.java:498)
	at org.junit.runners.model.FrameworkMethod$1.runReflectiveCall(FrameworkMethod.java:50)
	at org.junit.internal.runners.model.ReflectiveCallable.run(ReflectiveCallable.java:12)
	at org.junit.runners.model.FrameworkMethod.invokeExplosively(FrameworkMethod.java:47)
	at org.junit.internal.runners.statements.RunAfters.evaluate(RunAfters.java:33)
	at org.junit.runners.ParentRunner.runLeaf(ParentRunner.java:325)
	at org.junit.runners.BlockJUnit4ClassRunner.runChild(BlockJUnit4ClassRunner.java:78)
	at org.junit.runners.BlockJUnit4ClassRunner.runChild(BlockJUnit4ClassRunner.java:57)
	at org.junit.runners.ParentRunner$3.run(ParentRunner.java:290)
	at org.junit.runners.ParentRunner$1.schedule(ParentRunner.java:71)
	at org.junit.runners.ParentRunner.runChildren(ParentRunner.java:288)
	at org.junit.runners.ParentRunner.access$000(ParentRunner.java:58)
	at org.junit.runners.ParentRunner$2.evaluate(ParentRunner.java:268)
	at org.junit.runners.ParentRunner.run(ParentRunner.java:363)
	at org.apache.maven.surefire.junit4.JUnit4Provider.execute(JUnit4Provider.java:252)
	at org.apache.maven.surefire.junit4.JUnit4Provider.executeTestSet(JUnit4Provider.java:141)
	at org.apache.maven.surefire.junit4.JUnit4Provider.invoke(JUnit4Provider.java:112)
	at sun.reflect.NativeMethodAccessorImpl.invoke0(Native Method)
	at sun.reflect.NativeMethodAccessorImpl.invoke(NativeMethodAccessorImpl.java:62)
	at sun.reflect.DelegatingMethodAccessorImpl.invoke(DelegatingMethodAccessorImpl.java:43)
	at java.lang.reflect.Method.invoke(Method.java:498)
	at org.apache.maven.surefire.util.ReflectionUtils.invokeMethodWithArray(ReflectionUtils.java:189)
	at org.apache.maven.surefire.booter.ProviderFactory$ProviderProxy.invoke(ProviderFactory.java:165)
	at org.apache.maven.surefire.booter.ProviderFactory.invokeProvider(ProviderFactory.java:85)
	at org.apache.maven.surefire.booter.ForkedBooter.runSuitesInProcess(ForkedBooter.java:115)
	at org.apache.maven.surefire.booter.ForkedBooter.main(ForkedBooter.java:75)
</error>
    <system-out>21:55:05.554 [main] INFO org.apache.curator.framework.imps.CuratorFrameworkImpl - Starting
21:55:05.554 [main] DEBUG org.apache.curator.CuratorZookeeperClient - Starting
21:55:05.554 [main] DEBUG org.apache.curator.ConnectionState - Starting
21:55:05.554 [main] DEBUG org.apache.curator.ConnectionState - reset
21:55:05.554 [main] INFO org.apache.zookeeper.ZooKeeper - Initiating client connection, connectString=192.168.79.128:2181 sessionTimeout=60000 watcher=org.apache.curator.ConnectionState@2aece37d
21:55:05.556 [main-SendThread(192.168.79.128:2181)] INFO org.apache.zookeeper.ClientCnxn - Opening socket connection to server 192.168.79.128/192.168.79.128:2181. Will not attempt to authenticate using SASL (unknown error)
21:55:05.557 [main-SendThread(192.168.79.128:2181)] INFO org.apache.zookeeper.ClientCnxn - Socket connection established to 192.168.79.128/192.168.79.128:2181, initiating session
21:55:05.557 [main-SendThread(192.168.79.128:2181)] DEBUG org.apache.zookeeper.ClientCnxn - Session establishment request sent on 192.168.79.128/192.168.79.128:2181
21:55:05.559 [main-SendThread(192.168.79.128:2181)] DEBUG org.apache.zookeeper.ClientCnxn - Reading reply sessionid:0x17903c57d8c0023, packet:: clientPath:/liteRpc/org.literpc.api.HelloService/127.0.0.1:9988 serverPath:/liteRpc/org.literpc.api.HelloService/127.0.0.1:9988 finished:false header:: 23,4  replyHeader:: 23,442,-101  request:: &apos;/liteRpc/org.literpc.api.HelloService/127.0.0.1:9988,T  response::  
21:55:05.561 [main-SendThread(192.168.79.128:2181)] INFO org.apache.zookeeper.ClientCnxn - Session establishment complete on server 192.168.79.128/192.168.79.128:2181, sessionid = 0x17903c57d8c0024, negotiated timeout = 40000
21:55:05.561 [main-SendThread(192.168.79.128:2181)] DEBUG org.apache.zookeeper.ClientCnxn - Reading reply sessionid:0x17903c57d8c0023, packet:: clientPath:/liteRpc/org.literpc.api.HelloService/127.0.1.1:9988 serverPath:/liteRpc/org.literpc.api.HelloService/127.0.1.1:9988 finished:false header:: 24,4  replyHeader:: 24,443,-101  request:: &apos;/liteRpc/org.literpc.api.HelloService/127.0.1.1:9988,T  response::  
21:55:05.561 [main-EventThread] INFO org.apache.curator.framework.state.ConnectionStateManager - State change: CONNECTED
21:55:05.561 [main-SendThread(192.168.79.128:2181)] DEBUG org.apache.zookeeper.ClientCnxn - Reading reply sessionid:0x17903c57d8c0023, packet:: clientPath:/liteRpc/org.literpc.api.HelloService/127.0.1.2:9988 serverPath:/liteRpc/org.literpc.api.HelloService/127.0.1.2:9988 finished:false header:: 25,4  replyHeader:: 25,443,-101  request:: &apos;/liteRpc/org.literpc.api.HelloService/127.0.1.2:9988,T  response::  
21:55:05.562 [main-SendThread(192.168.79.128:2181)] DEBUG org.apache.zookeeper.ClientCnxn - Reading reply sessionid:0x17903c57d8c0023, packet:: clientPath:/liteRpc/org.literpc.api.HelloService serverPath:/liteRpc/org.literpc.api.HelloService finished:false header:: 26,12  replyHeader:: 26,443,-101  request:: &apos;/liteRpc/org.literpc.api.HelloService,T  response:: v{} 
21:55:05.566 [main-SendThread(192.168.79.128:2181)] DEBUG org.apache.zookeeper.ClientCnxn - Reading reply sessionid:0x17903c57d8c0024, packet:: clientPath:null serverPath:null finished:false header:: 1,3  replyHeader:: 1,443,-101  request:: &apos;/liteRpc/org.literpc.api.HelloService/127.0.0.1:9988,F  response::  
21:55:05.569 [main-SendThread(192.168.79.128:2181)] DEBUG org.apache.zookeeper.ClientCnxn - Reading reply sessionid:0x17903c57d8c0024, packet:: clientPath:null serverPath:null finished:false header:: 2,1  replyHeader:: 2,444,-101  request:: &apos;/liteRpc/org.literpc.api.HelloService/127.0.0.1:9988,#3139322e3136382e37392e31,v{s{31,s{&apos;world,&apos;anyone}}},0  response::  
21:55:05.570 [main-SendThread(192.168.79.128:2181)] DEBUG org.apache.zookeeper.ClientCnxn - Reading reply sessionid:0x17903c57d8c0024, packet:: clientPath:null serverPath:null finished:false header:: 3,3  replyHeader:: 3,444,-101  request:: &apos;/liteRpc,F  response::  
21:55:05.572 [main-SendThread(192.168.79.128:2181)] DEBUG org.apache.zookeeper.ClientCnxn - Reading reply sessionid:0x17903c57d8c0024, packet:: clientPath:null serverPath:null finished:false header:: 4,1  replyHeader:: 4,445,0  request:: &apos;/liteRpc,,v{s{31,s{&apos;world,&apos;anyone}}},0  response:: &apos;/liteRpc 
21:55:05.573 [main-SendThread(192.168.79.128:2181)] DEBUG org.apache.zookeeper.ClientCnxn - Reading reply sessionid:0x17903c57d8c0024, packet:: clientPath:null serverPath:null finished:false header:: 5,3  replyHeader:: 5,445,-101  request:: &apos;/liteRpc/org.literpc.api.HelloService,F  response::  
21:55:05.575 [main-SendThread(192.168.79.128:2181)] DEBUG org.apache.zookeeper.ClientCnxn - Reading reply sessionid:0x17903c57d8c0024, packet:: clientPath:null serverPath:null finished:false header:: 6,1  replyHeader:: 6,446,0  request:: &apos;/liteRpc/org.literpc.api.HelloService,,v{s{31,s{&apos;world,&apos;anyone}}},0  response:: &apos;/liteRpc/org.literpc.api.HelloService 
21:55:05.578 [main-SendThread(192.168.79.128:2181)] DEBUG org.apache.zookeeper.ClientCnxn - Reading reply sessionid:0x17903c57d8c0024, packet:: clientPath:null serverPath:null finished:false header:: 7,1  replyHeader:: 7,447,0  request:: &apos;/liteRpc/org.literpc.api.HelloService/127.0.0.1:9988,#3139322e3136382e37392e31,v{s{31,s{&apos;world,&apos;anyone}}},0  response:: &apos;/liteRpc/org.literpc.api.HelloService/127.0.0.1:9988 
21:55:05.580 [main-SendThread(192.168.79.128:2181)] DEBUG org.apache.zookeeper.ClientCnxn - Reading reply sessionid:0x17903c57d8c0024, packet:: clientPath:null serverPath:null finished:false header:: 8,3  replyHeader:: 8,447,0  request:: &apos;/liteRpc/org.literpc.api.HelloService/127.0.0.1:9988,F  response:: s{447,447,1619272506432,1619272506432,0,0,0,0,12,0,447} 
21:55:05.582 [main-SendThread(192.168.79.128:2181)] DEBUG org.apache.zookeeper.ClientCnxn - Reading reply sessionid:0x17903c57d8c0024, packet:: clientPath:null serverPath:null finished:false header:: 9,2  replyHeader:: 9,448,-111  request:: &apos;/liteRpc,-1  response:: null
21:55:05.584 [main-SendThread(192.168.79.128:2181)] DEBUG org.apache.zookeeper.ClientCnxn - Reading reply sessionid:0x17903c57d8c0024, packet:: clientPath:null serverPath:null finished:false header:: 10,8  replyHeader:: 10,448,0  request:: &apos;/liteRpc,F  response:: v{&apos;org.literpc.api.HelloService} 
21:55:05.585 [main-SendThread(192.168.79.128:2181)] DEBUG org.apache.zookeeper.ClientCnxn - Reading reply sessionid:0x17903c57d8c0024, packet:: clientPath:null serverPath:null finished:false header:: 11,8  replyHeader:: 11,448,0  request:: &apos;/liteRpc/org.literpc.api.HelloService,F  response:: v{&apos;127.0.0.1:9988} 
21:55:05.587 [main-SendThread(192.168.79.128:2181)] DEBUG org.apache.zookeeper.ClientCnxn - Reading reply sessionid:0x17903c57d8c0024, packet:: clientPath:null serverPath:null finished:false header:: 12,8  replyHeader:: 12,448,0  request:: &apos;/liteRpc/org.literpc.api.HelloService/127.0.0.1:9988,F  response:: v{} 
21:55:05.588 [main-SendThread(192.168.79.128:2181)] DEBUG org.apache.zookeeper.ClientCnxn - Reading reply sessionid:0x17903c57d8c0024, packet:: clientPath:null serverPath:null finished:false header:: 13,2  replyHeader:: 13,449,0  request:: &apos;/liteRpc/org.literpc.api.HelloService/127.0.0.1:9988,-1  response:: null
21:55:05.590 [main-SendThread(192.168.79.128:2181)] DEBUG org.apache.zookeeper.ClientCnxn - Reading reply sessionid:0x17903c57d8c0024, packet:: clientPath:null serverPath:null finished:false header:: 14,2  replyHeader:: 14,450,0  request:: &apos;/liteRpc/org.literpc.api.HelloService,-1  response:: null
21:55:05.592 [main-SendThread(192.168.79.128:2181)] DEBUG org.apache.zookeeper.ClientCnxn - Reading reply sessionid:0x17903c57d8c0024, packet:: clientPath:null serverPath:null finished:false header:: 15,2  replyHeader:: 15,451,0  request:: &apos;/liteRpc,-1  response:: null
21:55:05.594 [main-SendThread(192.168.79.128:2181)] DEBUG org.apache.zookeeper.ClientCnxn - Reading reply sessionid:0x17903c57d8c0024, packet:: clientPath:null serverPath:null finished:false header:: 16,3  replyHeader:: 16,451,-101  request:: &apos;/liteRpc/org.literpc.api.HelloService/127.0.0.1:9988,F  response::  
21:55:05.597 [main-SendThread(192.168.79.128:2181)] DEBUG org.apache.zookeeper.ClientCnxn - Reading reply sessionid:0x17903c57d8c0024, packet:: clientPath:null serverPath:null finished:false header:: 17,2  replyHeader:: 17,452,-101  request:: &apos;/liteRpc,-1  response:: null
</system-out>
  </testcase>
</testsuite>